<?xml version="1.0" encoding="UTF-8"?>
<!-- Generated by org.testng.reporters.JUnitReportReporter -->
<testsuite skipped="0" hostname="LT-53JXL63" name="tests.GoogleTest" tests="1" failures="0" timestamp="2023-10-16T12:04:29 IST" time="8.577" errors="0">
  <testcase name="googleTestMehod" time="8.577" classname="tests.GoogleTest"/>
  <system-out/>
</testsuite> <!-- tests.GoogleTest -->
